<?xml version="1.0" encoding="UTF-8"?>
<!-- Generated by org.testng.reporters.JUnitReportReporter -->
<testsuite hostname="dgangwar-lap" name="test.loan.PayPalTest" tests="6" failures="1" timestamp="29 Sep 2013 18:33:19 GMT" time="34.481" errors="0">
  <testcase name="testamortizationSchedulePage" time="3.740" classname="test.loan.PayPalTest"/>
  <testcase name="testforNegativeValues" time="0.000" classname="test.loan.PayPalTest">
    <failure type="org.testng.TestNGException" message="
Method public void test.loan.PayPalTest.testforNegativeValues(java.lang.String,java.lang.String,java.lang.String) requires a @DataProvider named : Invaliddata">
      <![CDATA[org.testng.TestNGException: 
Method public void test.loan.PayPalTest.testforNegativeValues(java.lang.String,java.lang.String,java.lang.String) requires a @DataProvider named : Invaliddata
	at org.testng.internal.Parameters.findDataProvider(Parameters.java:265)
	at org.testng.internal.Parameters.handleParameters(Parameters.java:414)
	at org.testng.internal.Invoker.handleParameters(Invoker.java:1383)
	at org.testng.internal.Invoker.createParameters(Invoker.java:1075)
	at org.testng.internal.Invoker.invokeTestMethods(Invoker.java:1180)
	at org.testng.internal.TestMethodWorker.invokeTestMethods(TestMethodWorker.java:127)
	at org.testng.internal.TestMethodWorker.run(TestMethodWorker.java:111)
	at org.testng.TestRunner.privateRun(TestRunner.java:767)
	at org.testng.TestRunner.run(TestRunner.java:617)
	at org.testng.SuiteRunner.runTest(SuiteRunner.java:334)
	at org.testng.SuiteRunner.runSequentially(SuiteRunner.java:329)
	at org.testng.SuiteRunner.privateRun(SuiteRunner.java:291)
	at org.testng.SuiteRunner.run(SuiteRunner.java:240)
	at org.testng.SuiteRunnerWorker.runSuite(SuiteRunnerWorker.java:52)
	at org.testng.SuiteRunnerWorker.run(SuiteRunnerWorker.java:86)
	at org.testng.TestNG.runSuitesSequentially(TestNG.java:1198)
	at org.testng.TestNG.runSuitesLocally(TestNG.java:1123)
	at org.testng.TestNG.run(TestNG.java:1031)
	at org.testng.TestNG.privateMain(TestNG.java:1338)
	at org.testng.TestNG.main(TestNG.java:1307)
]]>
    </failure>
  </testcase> <!-- testforNegativeValues -->
  <testcase name="testamortizationSchedulePage" time="2.221" classname="test.loan.PayPalTest"/>
  <testcase name="testamortizationSchedulePage" time="10.228" classname="test.loan.PayPalTest"/>
  <testcase name="testamortizationSchedulePage" time="2.654" classname="test.loan.PayPalTest"/>
  <testcase name="testamortizationSchedulePage" time="15.638" classname="test.loan.PayPalTest"/>
</testsuite> <!-- test.loan.PayPalTest -->
